<?xml version="1.0" encoding="UTF-8"?>
<testng-results skipped="0" failed="0" ignored="0" total="1" passed="1">
  <reporter-output>
  </reporter-output>
  <suite name="Banking" duration-ms="14202" started-at="2022-04-12T12:18:02Z" finished-at="2022-04-12T12:18:16Z">
    <groups>
    </groups>
    <test name="BankingApp Test" duration-ms="14202" started-at="2022-04-12T12:18:02Z" finished-at="2022-04-12T12:18:16Z">
      <class name="com.Banking.testCases.TC_LoginTest">
        <test-method status="PASS" signature="setUp(java.lang.String)[pri:0, instance:com.Banking.testCases.TC_LoginTest@77b52d12]" name="setUp" is-config="true" duration-ms="7833" started-at="2022-04-12T17:48:02Z" finished-at="2022-04-12T17:48:10Z">
          <params>
            <param index="0">
              <value>
                <![CDATA[chrome]]>
              </value>
            </param>
          </params>
          <reporter-output>
          </reporter-output>
        </test-method> <!-- setUp -->
        <test-method status="PASS" signature="loginTest()[pri:0, instance:com.Banking.testCases.TC_LoginTest@77b52d12]" name="loginTest" duration-ms="5468" started-at="2022-04-12T17:48:10Z" finished-at="2022-04-12T17:48:15Z">
          <reporter-output>
          </reporter-output>
        </test-method> <!-- loginTest -->
        <test-method status="PASS" signature="teadDown()[pri:0, instance:com.Banking.testCases.TC_LoginTest@77b52d12]" name="teadDown" is-config="true" duration-ms="651" started-at="2022-04-12T17:48:15Z" finished-at="2022-04-12T17:48:16Z">
          <reporter-output>
          </reporter-output>
        </test-method> <!-- teadDown -->
      </class> <!-- com.Banking.testCases.TC_LoginTest -->
    </test> <!-- BankingApp Test -->
  </suite> <!-- Banking -->
</testng-results>
