<?xml version="1.0" encoding="UTF-8"?>
<testng-results ignored="0" total="2" passed="1" failed="1" skipped="0">
  <reporter-output>
  </reporter-output>
  <suite started-at="2022-04-10T13:35:20Z" name="Banking" finished-at="2022-04-10T13:35:38Z" duration-ms="17578">
    <groups>
    </groups>
    <test started-at="2022-04-10T13:35:20Z" name="BankingApp Test" finished-at="2022-04-10T13:35:38Z" duration-ms="17578">
      <class name="com.Banking.testCases.TC_LoginTestDDT">
        <test-method is-config="true" signature="setUp(java.lang.String)[pri:0, instance:com.Banking.testCases.TC_LoginTestDDT@17a7f733]" started-at="2022-04-10T19:05:21Z" name="setUp" finished-at="2022-04-10T19:05:27Z" duration-ms="6970" status="PASS">
          <params>
            <param index="0">
              <value>
                <![CDATA[chrome]]>
              </value>
            </param>
          </params>
          <reporter-output>
          </reporter-output>
        </test-method> <!-- setUp -->
        <test-method signature="loginTestDDT(java.lang.String, java.lang.String)[pri:0, instance:com.Banking.testCases.TC_LoginTestDDT@17a7f733]" started-at="2022-04-10T19:05:30Z" name="loginTestDDT" data-provider="LoginData" finished-at="2022-04-10T19:05:31Z" duration-ms="1404" status="FAIL">
          <params>
            <param index="0">
              <value>
                <![CDATA[asdas]]>
              </value>
            </param>
            <param index="1">
              <value>
                <![CDATA[fas]]>
              </value>
            </param>
          </params>
          <exception class="org.openqa.selenium.UnhandledAlertException">
            <message>
              <![CDATA[unexpected alert open: {Alert text : User or Password is not valid}
  (Session info: chrome=100.0.4896.75): User or Password is not valid
Build info: version: '4.1.1', revision: 'e8fcc2cecf'
System info: host: 'DESKTOP-ARUN', ip: '192.168.2.6', os.name: 'Windows 10', os.arch: 'amd64', os.version: '10.0', java.version: '15.0.1'
Driver info: org.openqa.selenium.chrome.ChromeDriver
Command: [5dcd320f08cd5905af34a64cf2300c76, screenshot {}]
Capabilities {acceptInsecureCerts: false, browserName: chrome, browserVersion: 100.0.4896.75, chrome: {chromedriverVersion: 100.0.4896.60 (6a5d10861ce8..., userDataDir: C:\Users\hi\AppData\Local\T...}, goog:chromeOptions: {debuggerAddress: localhost:51661}, javascriptEnabled: true, networkConnectionEnabled: false, pageLoadStrategy: normal, platform: WINDOWS, platformName: WINDOWS, proxy: Proxy(), se:cdp: ws://localhost:51661/devtoo..., se:cdpVersion: 100.0.4896.75, setWindowRect: true, strictFileInteractability: false, timeouts: {implicit: 0, pageLoad: 300000, script: 30000}, unhandledPromptBehavior: dismiss and notify, webauthn:extension:credBlob: true, webauthn:extension:largeBlob: true, webauthn:virtualAuthenticators: true}
Session ID: 5dcd320f08cd5905af34a64cf2300c76]]>
            </message>
            <full-stacktrace>
              <![CDATA[org.openqa.selenium.UnhandledAlertException: unexpected alert open: {Alert text : User or Password is not valid}
  (Session info: chrome=100.0.4896.75): User or Password is not valid
Build info: version: '4.1.1', revision: 'e8fcc2cecf'
System info: host: 'DESKTOP-ARUN', ip: '192.168.2.6', os.name: 'Windows 10', os.arch: 'amd64', os.version: '10.0', java.version: '15.0.1'
Driver info: org.openqa.selenium.chrome.ChromeDriver
Command: [5dcd320f08cd5905af34a64cf2300c76, screenshot {}]
Capabilities {acceptInsecureCerts: false, browserName: chrome, browserVersion: 100.0.4896.75, chrome: {chromedriverVersion: 100.0.4896.60 (6a5d10861ce8..., userDataDir: C:\Users\hi\AppData\Local\T...}, goog:chromeOptions: {debuggerAddress: localhost:51661}, javascriptEnabled: true, networkConnectionEnabled: false, pageLoadStrategy: normal, platform: WINDOWS, platformName: WINDOWS, proxy: Proxy(), se:cdp: ws://localhost:51661/devtoo..., se:cdpVersion: 100.0.4896.75, setWindowRect: true, strictFileInteractability: false, timeouts: {implicit: 0, pageLoad: 300000, script: 30000}, unhandledPromptBehavior: dismiss and notify, webauthn:extension:credBlob: true, webauthn:extension:largeBlob: true, webauthn:virtualAuthenticators: true}
Session ID: 5dcd320f08cd5905af34a64cf2300c76
	at org.openqa.selenium.remote.codec.w3c.W3CHttpResponseCodec.decode(W3CHttpResponseCodec.java:131)
	at org.openqa.selenium.remote.codec.w3c.W3CHttpResponseCodec.decode(W3CHttpResponseCodec.java:53)
	at org.openqa.selenium.remote.HttpCommandExecutor.execute(HttpCommandExecutor.java:184)
	at org.openqa.selenium.remote.service.DriverCommandExecutor.invokeExecute(DriverCommandExecutor.java:167)
	at org.openqa.selenium.remote.service.DriverCommandExecutor.execute(DriverCommandExecutor.java:142)
	at org.openqa.selenium.remote.RemoteWebDriver.execute(RemoteWebDriver.java:543)
	at org.openqa.selenium.remote.RemoteWebDriver.execute(RemoteWebDriver.java:598)
	at org.openqa.selenium.remote.RemoteWebDriver.execute(RemoteWebDriver.java:602)
	at org.openqa.selenium.remote.RemoteWebDriver.getScreenshotAs(RemoteWebDriver.java:333)
	at com.Banking.testCases.BaseClass.captureScreen(BaseClass.java:65)
	at com.Banking.testCases.TC_LoginTestDDT.loginTestDDT(TC_LoginTestDDT.java:26)
	at java.base/jdk.internal.reflect.NativeMethodAccessorImpl.invoke0(Native Method)
	at java.base/jdk.internal.reflect.NativeMethodAccessorImpl.invoke(NativeMethodAccessorImpl.java:64)
	at java.base/jdk.internal.reflect.DelegatingMethodAccessorImpl.invoke(DelegatingMethodAccessorImpl.java:43)
	at java.base/java.lang.reflect.Method.invoke(Method.java:564)
	at org.testng.internal.MethodInvocationHelper.invokeMethod(MethodInvocationHelper.java:104)
	at org.testng.internal.Invoker.invokeMethod(Invoker.java:645)
	at org.testng.internal.Invoker.invokeTestMethod(Invoker.java:851)
	at org.testng.internal.Invoker.invokeTestMethods(Invoker.java:1177)
	at org.testng.internal.TestMethodWorker.invokeTestMethods(TestMethodWorker.java:129)
	at org.testng.internal.TestMethodWorker.run(TestMethodWorker.java:112)
	at org.testng.TestRunner.privateRun(TestRunner.java:756)
	at org.testng.TestRunner.run(TestRunner.java:610)
	at org.testng.SuiteRunner.runTest(SuiteRunner.java:387)
	at org.testng.SuiteRunner.runSequentially(SuiteRunner.java:382)
	at org.testng.SuiteRunner.privateRun(SuiteRunner.java:340)
	at org.testng.SuiteRunner.run(SuiteRunner.java:289)
	at org.testng.SuiteRunnerWorker.runSuite(SuiteRunnerWorker.java:52)
	at org.testng.SuiteRunnerWorker.run(SuiteRunnerWorker.java:86)
	at org.testng.TestNG.runSuitesSequentially(TestNG.java:1293)
	at org.testng.TestNG.runSuitesLocally(TestNG.java:1218)
	at org.testng.TestNG.runSuites(TestNG.java:1133)
	at org.testng.TestNG.run(TestNG.java:1104)
	at org.testng.remote.AbstractRemoteTestNG.run(AbstractRemoteTestNG.java:115)
	at org.testng.remote.RemoteTestNG.initAndRun(RemoteTestNG.java:251)
	at org.testng.remote.RemoteTestNG.main(RemoteTestNG.java:77)
]]>
            </full-stacktrace>
          </exception> <!-- org.openqa.selenium.UnhandledAlertException -->
          <reporter-output>
          </reporter-output>
        </test-method> <!-- loginTestDDT -->
        <test-method signature="loginTestDDT(java.lang.String, java.lang.String)[pri:0, instance:com.Banking.testCases.TC_LoginTestDDT@17a7f733]" started-at="2022-04-10T19:05:31Z" name="loginTestDDT" data-provider="LoginData" finished-at="2022-04-10T19:05:37Z" duration-ms="5926" status="PASS">
          <params>
            <param index="0">
              <value>
                <![CDATA[mngr395282]]>
              </value>
            </param>
            <param index="1">
              <value>
                <![CDATA[sEdYpuh]]>
              </value>
            </param>
          </params>
          <reporter-output>
          </reporter-output>
        </test-method> <!-- loginTestDDT -->
        <test-method is-config="true" signature="teadDown()[pri:0, instance:com.Banking.testCases.TC_LoginTestDDT@17a7f733]" started-at="2022-04-10T19:05:37Z" name="teadDown" finished-at="2022-04-10T19:05:38Z" duration-ms="651" status="PASS">
          <reporter-output>
          </reporter-output>
        </test-method> <!-- teadDown -->
      </class> <!-- com.Banking.testCases.TC_LoginTestDDT -->
    </test> <!-- BankingApp Test -->
  </suite> <!-- Banking -->
</testng-results>
